Info 1 This is info1
Info 2 This is info2
Info 3 This is info3
Warning 1 This is warning1
Warning 2 This is warning2
Warning 3 This is warning3
Error 1 This is null-pointer
Error 2 This is file-not-found
Error 3 This is host-unreachable
Info 1 This is info1
Info 2 This is info2
Info 3 This is info3
Warning 1 This is warning1
Warning 2 This is warning2
Warning 3 This is warning3
Error 1 This is null-pointer
Error 2 This is file-not-found
Error 3 This is host-unreachable
Info 1 This is info1
Info 2 This is info2
Info 3 This is info3
Warning 1 This is warning1
Warning 2 This is warning2
Warning 3 This is warning3
Error 1 This is null-pointer
Error 2 This is file-not-found
Error 3 This is host-unreachable
